#
# A fatal error has been detected by the Java Runtime Environment:
#
#  EXCEPTION_ACCESS_VIOLATION (0xc0000005) at pc=0x000000005c0f8d85, pid=12068, tid=9496
#
# JRE version: Java(TM) SE Runtime Environment (8.0_74-b02) (build 1.8.0_74-b02)
# Java VM: Java HotSpot(TM) 64-Bit Server VM (25.74-b02 mixed mode windows-amd64 compressed oops)
# Problematic frame:
# V  [jvm.dll+0x128d85]
#
# Failed to write core dump. Minidumps are not enabled by default on client versions of Windows
#
# If you would like to submit a bug report, please visit:
#   http://bugreport.java.com/bugreport/crash.jsp
#

---------------  T H R E A D  ---------------

Current thread (0x000000001a27b000):  JavaThread "JDWP Transport Listener: dt_socket" daemon [_thread_in_vm, id=9496, stack(0x000000001aa30000,0x000000001ab30000)]

siginfo: ExceptionCode=0xc0000005, reading address 0xffffffffffffffff

Registers:
RAX=0x000000001ab2f601, RBX=0x000000001a27b000, RCX=0x3eaaa94c00000000, RDX=0x0000000000000000
RSP=0x000000001ab2f5f0, RBP=0x3eaaa94c00000000, RSI=0x000000001ab2f708, RDI=0x000000000318d980
R8 =0x000000001a27b000, R9 =0x0000000000008000, R10=0x0000000000000000, R11=0x000000001c490d28
R12=0x0000000000000000, R13=0x000000001a27bcc8, R14=0x0000000000000000, R15=0x0000000000000000
RIP=0x000000005c0f8d85, EFLAGS=0x0000000000010206

Top of Stack: (sp=0x000000001ab2f5f0)
0x000000001ab2f5f0:   000000001a27b000 000000001a27b000
0x000000001ab2f600:   000000001ab2f6b8 000000005c2fe33b
0x000000001ab2f610:   000000001a27b000 000000005c31ab9d
0x000000001ab2f620:   0000000000000000 000000005bf49155
0x000000001ab2f630:   0000000020cab0b8 000000005bf5291e
0x000000001ab2f640:   000000001a27b000 0000000000000000
0x000000001ab2f650:   0000000000000000 0000000000000000
0x000000001ab2f660:   3eaaa94c00000000 000000005bf51a15
0x000000001ab2f670:   000000001ab2f708 000000001ab2f6e0
0x000000001ab2f680:   0000000000000001 0000000020cab0b8
0x000000001ab2f690:   3eaaa94c00000000 000000005bf353b3
0x000000001ab2f6a0:   000000001ab2f7d0 0000000000000001
0x000000001ab2f6b0:   0000000000000001 0000000020cab0b8
0x000000001ab2f6c0:   0000000000000001 0000000000000000
0x000000001ab2f6d0:   0000000000000000 0000000000000000
0x000000001ab2f6e0:   0000000000000001 000000005bf35571 

Instructions: (pc=0x000000005c0f8d85)
0x000000005c0f8d65:   cc cc cc cc cc cc cc cc cc cc cc 48 83 ec 28 48
0x000000005c0f8d75:   85 c9 75 07 33 c0 48 83 c4 28 c3 48 89 5c 24 20
0x000000005c0f8d85:   48 8b 19 48 85 db 74 20 48 83 fb 37 74 1a 48 8b
0x000000005c0f8d95:   13 48 8b cb ff 52 10 84 c0 74 0d 48 8b c3 48 8b 


Register to memory mapping:

RAX=0x000000001ab2f601 is pointing into the stack for thread: 0x000000001a27b000
RBX=0x000000001a27b000 is a thread
RCX=0x3eaaa94c00000000 is an unknown value
RDX=0x0000000000000000 is an unknown value
RSP=0x000000001ab2f5f0 is pointing into the stack for thread: 0x000000001a27b000
RBP=0x3eaaa94c00000000 is an unknown value
RSI=0x000000001ab2f708 is pointing into the stack for thread: 0x000000001a27b000
RDI=0x000000000318d980 is an unknown value
R8 =0x000000001a27b000 is a thread
R9 =0x0000000000008000 is an unknown value
R10=0x0000000000000000 is an unknown value
R11=0x000000001c490d28 is an unknown value
R12=0x0000000000000000 is an unknown value
R13=0x000000001a27bcc8 is an unknown value
R14=0x0000000000000000 is an unknown value
R15=0x0000000000000000 is an unknown value


Stack: [0x000000001aa30000,0x000000001ab30000],  sp=0x000000001ab2f5f0,  free space=1021k
Native frames: (J=compiled Java code, j=interpreted, Vv=VM code, C=native code)
V  [jvm.dll+0x128d85]
V  [jvm.dll+0x34ab9d]
C  [jdwp.dll+0x21a15]
C  [jdwp.dll+0x53b3]
C  [jdwp.dll+0x5571]
C  [jdwp.dll+0xf0a8]
C  [jdwp.dll+0x1f2d5]
C  [jdwp.dll+0x1f4aa]
V  [jvm.dll+0x1bba58]
V  [jvm.dll+0x243434]
V  [jvm.dll+0x29a27a]
C  [msvcr100.dll+0x21d9f]
C  [msvcr100.dll+0x21e3b]
C  [KERNEL32.DLL+0x8364]
C  [ntdll.dll+0x670d1]


---------------  P R O C E S S  ---------------

Java Threads: ( => current thread )
  0x000000001cdec000 JavaThread "restartedMain" [_thread_in_Java, id=6316, stack(0x0000000042a50000,0x0000000042b50000)]
  0x000000001cdeb000 JavaThread "File Watcher" daemon [_thread_blocked, id=11132, stack(0x0000000042950000,0x0000000042a50000)]
  0x000000001cde7800 JavaThread "Thread-134" [_thread_blocked, id=6624, stack(0x0000000042250000,0x0000000042350000)]
  0x000000001c2bb800 JavaThread "File Watcher" daemon [_thread_blocked, id=3860, stack(0x000000003f350000,0x000000003f450000)]
  0x0000000021a7b800 JavaThread "File Watcher" daemon [_thread_blocked, id=804, stack(0x000000003ea50000,0x000000003eb50000)]
  0x0000000021a74000 JavaThread "File Watcher" daemon [_thread_blocked, id=10912, stack(0x000000003e150000,0x000000003e250000)]
  0x0000000021a77000 JavaThread "File Watcher" daemon [_thread_blocked, id=5500, stack(0x000000003d850000,0x000000003d950000)]
  0x000000001c2c9000 JavaThread "File Watcher" daemon [_thread_blocked, id=11084, stack(0x000000003cf50000,0x000000003d050000)]
  0x000000001c2bb000 JavaThread "File Watcher" daemon [_thread_blocked, id=11196, stack(0x000000003c650000,0x000000003c750000)]
  0x000000001c2c0000 JavaThread "File Watcher" daemon [_thread_blocked, id=8076, stack(0x000000003bd50000,0x000000003be50000)]
  0x000000001c2bf800 JavaThread "File Watcher" daemon [_thread_blocked, id=6168, stack(0x000000003b450000,0x000000003b550000)]
  0x000000001c2be000 JavaThread "File Watcher" daemon [_thread_blocked, id=8584, stack(0x000000003ab50000,0x000000003ac50000)]
  0x000000001c2c1000 JavaThread "File Watcher" daemon [_thread_blocked, id=8320, stack(0x0000000039050000,0x0000000039150000)]
  0x000000001c2be800 JavaThread "File Watcher" daemon [_thread_blocked, id=10092, stack(0x0000000037350000,0x0000000037450000)]
  0x000000001c2bd000 JavaThread "File Watcher" daemon [_thread_blocked, id=6484, stack(0x0000000035850000,0x0000000035950000)]
  0x0000000021a7a000 JavaThread "DestroyJavaVM" [_thread_blocked, id=956, stack(0x0000000003190000,0x0000000003290000)]
  0x000000001e6e1000 JavaThread "Live Reload Server" daemon [_thread_in_native, id=10352, stack(0x0000000028b90000,0x0000000028c90000)]
  0x000000001e6e5000 JavaThread "Abandoned connection cleanup thread" daemon [_thread_blocked, id=6780, stack(0x0000000024140000,0x0000000024240000)]
  0x000000001a341800 JavaThread "Service Thread" daemon [_thread_blocked, id=8224, stack(0x000000001b130000,0x000000001b230000)]
  0x000000001a2ad000 JavaThread "C1 CompilerThread3" daemon [_thread_blocked, id=9164, stack(0x000000001b030000,0x000000001b130000)]
  0x000000001a2ac000 JavaThread "C2 CompilerThread2" daemon [_thread_in_native, id=1796, stack(0x000000001af30000,0x000000001b030000)]
  0x000000001a2ab800 JavaThread "C2 CompilerThread1" daemon [_thread_blocked, id=8588, stack(0x000000001ae30000,0x000000001af30000)]
  0x000000001a2a6800 JavaThread "C2 CompilerThread0" daemon [_thread_in_native, id=5280, stack(0x000000001ad30000,0x000000001ae30000)]
  0x000000001a28a800 JavaThread "JDWP Command Reader" daemon [_thread_in_native, id=2592, stack(0x000000001ac30000,0x000000001ad30000)]
  0x000000001a289800 JavaThread "JDWP Event Helper Thread" daemon [_thread_blocked, id=8616, stack(0x000000001ab30000,0x000000001ac30000)]
=>0x000000001a27b000 JavaThread "JDWP Transport Listener: dt_socket" daemon [_thread_in_vm, id=9496, stack(0x000000001aa30000,0x000000001ab30000)]
  0x000000001a26d800 JavaThread "Attach Listener" daemon [_thread_blocked, id=3164, stack(0x000000001a930000,0x000000001aa30000)]
  0x000000001a26c800 JavaThread "Signal Dispatcher" daemon [_thread_blocked, id=9308, stack(0x000000001a830000,0x000000001a930000)]
  0x0000000018353000 JavaThread "Finalizer" daemon [_thread_blocked, id=12184, stack(0x000000001a640000,0x000000001a740000)]
  0x000000000338e000 JavaThread "Reference Handler" daemon [_thread_blocked, id=9300, stack(0x000000001a140000,0x000000001a240000)]

Other Threads:
  0x0000000018349000 VMThread [stack: 0x000000001a040000,0x000000001a140000] [id=8716]
  0x000000001a386800 WatcherThread [stack: 0x000000001b230000,0x000000001b330000] [id=7424]

VM state:not at safepoint (normal execution)

VM Mutex/Monitor currently owned by a thread: None

Heap:
 PSYoungGen      total 454656K, used 440266K [0x00000000d5c00000, 0x00000000f3b00000, 0x0000000100000000)
  eden space 440320K, 99% used [0x00000000d5c00000,0x00000000f09f2be8,0x00000000f0a00000)
  from space 14336K, 0% used [0x00000000f1c00000,0x00000000f1c00000,0x00000000f2a00000)
  to   space 17408K, 0% used [0x00000000f2a00000,0x00000000f2a00000,0x00000000f3b00000)
 ParOldGen       total 146432K, used 57299K [0x0000000081400000, 0x000000008a300000, 0x00000000d5c00000)
  object space 146432K, 39% used [0x0000000081400000,0x0000000084bf4e78,0x000000008a300000)
 Metaspace       used 86711K, capacity 90100K, committed 90368K, reserved 1128448K
  class space    used 10070K, capacity 10874K, committed 11008K, reserved 1048576K

Card table byte_map: [0x0000000012750000,0x0000000012b50000] byte_map_base: 0x0000000012346000

Marking Bits: (ParMarkBitMap*) 0x000000005c7e0600
 Begin Bits: [0x0000000013600000, 0x00000000155b0000)
 End Bits:   [0x00000000155b0000, 0x0000000017560000)

Polling page: 0x0000000002f70000

CodeCache: size=245760Kb used=56007Kb max_used=56545Kb free=189752Kb
 bounds [0x0000000003390000, 0x0000000006b50000, 0x0000000012390000]
 total_blobs=13068 nmethods=12257 adapters=729
 compilation: enabled

Compilation events (10 events):
Event: 2199.472 Thread 0x000000001a2ac000 15886       4       org.springframework.asm.ClassReader::readCode (3579 bytes)
Event: 2199.869 Thread 0x000000001a2a6800 15887       4       java.io.File::equals (30 bytes)
Event: 2199.871 Thread 0x000000001a2a6800 nmethod 15887 0x000000000378cb90 code [0x000000000378cce0, 0x000000000378ce08]
Event: 2200.903 Thread 0x000000001a2ab800 15888       4       org.springframework.core.annotation.AnnotationUtils::synthesizeAnnotation (84 bytes)
Event: 2201.096 Thread 0x000000001a2ab800 nmethod 15888 0x0000000004a30710 code [0x0000000004a308c0, 0x0000000004a30dd0]
Event: 2201.378 Thread 0x000000001a2ac000 nmethod 15886 0x0000000005ac8ed0 code [0x0000000005ac99c0, 0x0000000005ad7bb0]
Event: 2205.486 Thread 0x000000001a2a6800 15889       4       java.net.URLClassLoader$1::run (5 bytes)
Event: 2205.597 Thread 0x000000001a2ad000 15890       3       org.springframework.context.annotation.ConfigurationClassParser::asSourceClass (35 bytes)
Event: 2205.602 Thread 0x000000001a2ad000 nmethod 15890 0x00000000035e9490 code [0x00000000035e96c0, 0x00000000035ea378]
Event: 2205.634 Thread 0x000000001a2ac000 15891   !   4       java.net.URLClassLoader$1::run (63 bytes)

GC Heap History (10 events):
Event: 2054.800 GC heap before
{Heap before GC invocations=57 (full 14):
 PSYoungGen      total 443904K, used 46104K [0x00000000d5c00000, 0x00000000f5700000, 0x0000000100000000)
  eden space 430592K, 7% used [0x00000000d5c00000,0x00000000d7c0d058,0x00000000f0080000)
  from space 13312K, 99% used [0x00000000f4a00000,0x00000000f56f9268,0x00000000f5700000)
  to   space 21504K, 0% used [0x00000000f2d00000,0x00000000f2d00000,0x00000000f4200000)
 ParOldGen       total 146432K, used 56272K [0x0000000081400000, 0x000000008a300000, 0x00000000d5c00000)
  object space 146432K, 38% used [0x0000000081400000,0x0000000084af4160,0x000000008a300000)
 Metaspace       used 81458K, capacity 85336K, committed 85632K, reserved 1124352K
  class space    used 9496K, capacity 10275K, committed 10368K, reserved 1048576K
Event: 2054.813 GC heap after
Heap after GC invocations=57 (full 14):
 PSYoungGen      total 444416K, used 13572K [0x00000000d5c00000, 0x00000000f4a80000, 0x0000000100000000)
  eden space 430592K, 0% used [0x00000000d5c00000,0x00000000d5c00000,0x00000000f0080000)
  from space 13824K, 98% used [0x00000000f2d00000,0x00000000f3a411c8,0x00000000f3a80000)
  to   space 16384K, 0% used [0x00000000f3a80000,0x00000000f3a80000,0x00000000f4a80000)
 ParOldGen       total 146432K, used 56280K [0x0000000081400000, 0x000000008a300000, 0x00000000d5c00000)
  object space 146432K, 38% used [0x0000000081400000,0x0000000084af6160,0x000000008a300000)
 Metaspace       used 81458K, capacity 85336K, committed 85632K, reserved 1124352K
  class space    used 9496K, capacity 10275K, committed 10368K, reserved 1048576K
}
Event: 2054.813 GC heap before
{Heap before GC invocations=58 (full 15):
 PSYoungGen      total 444416K, used 13572K [0x00000000d5c00000, 0x00000000f4a80000, 0x0000000100000000)
  eden space 430592K, 0% used [0x00000000d5c00000,0x00000000d5c00000,0x00000000f0080000)
  from space 13824K, 98% used [0x00000000f2d00000,0x00000000f3a411c8,0x00000000f3a80000)
  to   space 16384K, 0% used [0x00000000f3a80000,0x00000000f3a80000,0x00000000f4a80000)
 ParOldGen       total 146432K, used 56280K [0x0000000081400000, 0x000000008a300000, 0x00000000d5c00000)
  object space 146432K, 38% used [0x0000000081400000,0x0000000084af6160,0x000000008a300000)
 Metaspace       used 81458K, capacity 85336K, committed 85632K, reserved 1124352K
  class space    used 9496K, capacity 10275K, committed 10368K, reserved 1048576K
Event: 2055.157 GC heap after
Heap after GC invocations=58 (full 15):
 PSYoungGen      total 444416K, used 0K [0x00000000d5c00000, 0x00000000f4a80000, 0x0000000100000000)
  eden space 430592K, 0% used [0x00000000d5c00000,0x00000000d5c00000,0x00000000f0080000)
  from space 13824K, 0% used [0x00000000f2d00000,0x00000000f2d00000,0x00000000f3a80000)
  to   space 16384K, 0% used [0x00000000f3a80000,0x00000000f3a80000,0x00000000f4a80000)
 ParOldGen       total 146432K, used 48430K [0x0000000081400000, 0x000000008a300000, 0x00000000d5c00000)
  object space 146432K, 33% used [0x0000000081400000,0x000000008434bbf8,0x000000008a300000)
 Metaspace       used 81216K, capacity 84916K, committed 85632K, reserved 1124352K
  class space    used 9454K, capacity 10189K, committed 10368K, reserved 1048576K
}
Event: 2059.851 GC heap before
{Heap before GC invocations=59 (full 15):
 PSYoungGen      total 444416K, used 430592K [0x00000000d5c00000, 0x00000000f4a80000, 0x0000000100000000)
  eden space 430592K, 100% used [0x00000000d5c00000,0x00000000f0080000,0x00000000f0080000)
  from space 13824K, 0% used [0x00000000f2d00000,0x00000000f2d00000,0x00000000f3a80000)
  to   space 16384K, 0% used [0x00000000f3a80000,0x00000000f3a80000,0x00000000f4a80000)
 ParOldGen       total 146432K, used 48430K [0x0000000081400000, 0x000000008a300000, 0x00000000d5c00000)
  object space 146432K, 33% used [0x0000000081400000,0x000000008434bbf8,0x000000008a300000)
 Metaspace       used 82121K, capacity 85876K, committed 86400K, reserved 1126400K
  class space    used 9528K, capacity 10269K, committed 10368K, reserved 1048576K
Event: 2059.864 GC heap after
Heap after GC invocations=59 (full 15):
 PSYoungGen      total 452096K, used 11771K [0x00000000d5c00000, 0x00000000f4600000, 0x0000000100000000)
  eden space 440320K, 0% used [0x00000000d5c00000,0x00000000d5c00000,0x00000000f0a00000)
  from space 11776K, 99% used [0x00000000f3a80000,0x00000000f45fec88,0x00000000f4600000)
  to   space 21504K, 0% used [0x00000000f1c00000,0x00000000f1c00000,0x00000000f3100000)
 ParOldGen       total 146432K, used 48438K [0x0000000081400000, 0x000000008a300000, 0x00000000d5c00000)
  object space 146432K, 33% used [0x0000000081400000,0x000000008434dbf8,0x000000008a300000)
 Metaspace       used 82121K, capacity 85876K, committed 86400K, reserved 1126400K
  class space    used 9528K, capacity 10269K, committed 10368K, reserved 1048576K
}
Event: 2138.704 GC heap before
{Heap before GC invocations=60 (full 15):
 PSYoungGen      total 452096K, used 392196K [0x00000000d5c00000, 0x00000000f4600000, 0x0000000100000000)
  eden space 440320K, 86% used [0x00000000d5c00000,0x00000000ecf82538,0x00000000f0a00000)
  from space 11776K, 99% used [0x00000000f3a80000,0x00000000f45fec88,0x00000000f4600000)
  to   space 21504K, 0% used [0x00000000f1c00000,0x00000000f1c00000,0x00000000f3100000)
 ParOldGen       total 146432K, used 48438K [0x0000000081400000, 0x000000008a300000, 0x00000000d5c00000)
  object space 146432K, 33% used [0x0000000081400000,0x000000008434dbf8,0x000000008a300000)
 Metaspace       used 85928K, capacity 89896K, committed 90240K, reserved 1128448K
  class space    used 9985K, capacity 10801K, committed 10880K, reserved 1048576K
Event: 2138.720 GC heap after
Heap after GC invocations=60 (full 15):
 PSYoungGen      total 454656K, used 13931K [0x00000000d5c00000, 0x00000000f3b00000, 0x0000000100000000)
  eden space 440320K, 0% used [0x00000000d5c00000,0x00000000d5c00000,0x00000000f0a00000)
  from space 14336K, 97% used [0x00000000f1c00000,0x00000000f299ac00,0x00000000f2a00000)
  to   space 17408K, 0% used [0x00000000f2a00000,0x00000000f2a00000,0x00000000f3b00000)
 ParOldGen       total 146432K, used 48446K [0x0000000081400000, 0x000000008a300000, 0x00000000d5c00000)
  object space 146432K, 33% used [0x0000000081400000,0x000000008434fbf8,0x000000008a300000)
 Metaspace       used 85928K, capacity 89896K, committed 90240K, reserved 1128448K
  class space    used 9985K, capacity 10801K, committed 10880K, reserved 1048576K
}
Event: 2138.720 GC heap before
{Heap before GC invocations=61 (full 16):
 PSYoungGen      total 454656K, used 13931K [0x00000000d5c00000, 0x00000000f3b00000, 0x0000000100000000)
  eden space 440320K, 0% used [0x00000000d5c00000,0x00000000d5c00000,0x00000000f0a00000)
  from space 14336K, 97% used [0x00000000f1c00000,0x00000000f299ac00,0x00000000f2a00000)
  to   space 17408K, 0% used [0x00000000f2a00000,0x00000000f2a00000,0x00000000f3b00000)
 ParOldGen       total 146432K, used 48446K [0x0000000081400000, 0x000000008a300000, 0x00000000d5c00000)
  object space 146432K, 33% used [0x0000000081400000,0x000000008434fbf8,0x000000008a300000)
 Metaspace       used 85928K, capacity 89896K, committed 90240K, reserved 1128448K
  class space    used 9985K, capacity 10801K, committed 10880K, reserved 1048576K
Event: 2139.205 GC heap after
Heap after GC invocations=61 (full 16):
 PSYoungGen      total 454656K, used 0K [0x00000000d5c00000, 0x00000000f3b00000, 0x0000000100000000)
  eden space 440320K, 0% used [0x00000000d5c00000,0x00000000d5c00000,0x00000000f0a00000)
  from space 14336K, 0% used [0x00000000f1c00000,0x00000000f1c00000,0x00000000f2a00000)
  to   space 17408K, 0% used [0x00000000f2a00000,0x00000000f2a00000,0x00000000f3b00000)
 ParOldGen       total 146432K, used 57299K [0x0000000081400000, 0x000000008a300000, 0x00000000d5c00000)
  object space 146432K, 39% used [0x0000000081400000,0x0000000084bf4e78,0x000000008a300000)
 Metaspace       used 85907K, capacity 89860K, committed 90240K, reserved 1128448K
  class space    used 9982K, capacity 10794K, committed 10880K, reserved 1048576K
}

Deoptimization events (10 events):
Event: 2075.538 Thread 0x000000001cdec000 Uncommon trap: reason=class_check action=maybe_recompile pc=0x00000000068ddc04 method=org.springframework.web.cors.CorsUtils.isCorsRequest(Ljavax/servlet/http/HttpServletRequest;)Z @ 3
Event: 2075.538 Thread 0x000000001c2c3000 Uncommon trap: reason=class_check action=maybe_recompile pc=0x0000000004b54c58 method=org.springframework.web.util.UrlPathHelper.getServletPath(Ljavax/servlet/http/HttpServletRequest;)Ljava/lang/String; @ 3
Event: 2075.538 Thread 0x000000001cdec000 Uncommon trap: reason=class_check action=maybe_recompile pc=0x0000000004b54c58 method=org.springframework.web.util.UrlPathHelper.getServletPath(Ljavax/servlet/http/HttpServletRequest;)Ljava/lang/String; @ 3
Event: 2075.548 Thread 0x000000001cdec800 Uncommon trap: reason=unstable_if action=reinterpret pc=0x000000000473d1ac method=java.util.concurrent.ConcurrentHashMap.putVal(Ljava/lang/Object;Ljava/lang/Object;Z)Ljava/lang/Object; @ 98
Event: 2075.548 Thread 0x000000001c2c3000 Uncommon trap: reason=unstable_if action=reinterpret pc=0x000000000473d1ac method=java.util.concurrent.ConcurrentHashMap.putVal(Ljava/lang/Object;Ljava/lang/Object;Z)Ljava/lang/Object; @ 98
Event: 2086.057 Thread 0x000000001e6e4000 Uncommon trap: reason=unstable_if action=reinterpret pc=0x0000000006a632e8 method=com.sun.org.apache.xerces.internal.impl.XMLDocumentFragmentScannerImpl$FragmentContentDriver.next()I @ 815
Event: 2089.661 Thread 0x000000001e6e4000 Uncommon trap: reason=unstable_if action=reinterpret pc=0x0000000003c4a144 method=java.util.regex.Pattern$LastNode.match(Ljava/util/regex/Matcher;ILjava/lang/CharSequence;)Z @ 13
Event: 2089.661 Thread 0x000000001e6e4000 Uncommon trap: reason=unstable_if action=reinterpret pc=0x0000000003e75438 method=java.util.regex.Pattern$LastNode.match(Ljava/util/regex/Matcher;ILjava/lang/CharSequence;)Z @ 13
Event: 2138.667 Thread 0x000000001cded800 Uncommon trap: reason=predicate action=maybe_recompile pc=0x0000000004ceb0c8 method=java.util.TimSort.reverseRange([Ljava/lang/Object;II)V @ 8
Event: 2138.674 Thread 0x000000001cded800 Uncommon trap: reason=unstable_if action=reinterpret pc=0x0000000005f33118 method=java.io.BufferedOutputStream.write([BII)V @ 35

Internal exceptions (10 events):
Event: 2138.663 Thread 0x000000001c2c8800 Exception <a 'java/lang/InterruptedException': sleep interrupted> (0x00000000e153e858) thrown at [C:\re\workspace\8-2-build-windows-amd64-cygwin\jdk8u74\6087\hotspot\src\share\vm\prims\jvm.cpp, line 3215]
Event: 2138.667 Thread 0x000000001cded800 Exception <a 'java/lang/NoSuchMethodError': <clinit>> (0x00000000ece38618) thrown at [C:\re\workspace\8-2-build-windows-amd64-cygwin\jdk8u74\6087\hotspot\src\share\vm\prims\jni.cpp, line 1591]
Event: 2138.669 Thread 0x000000001cded800 Exception <a 'java/lang/NoSuchMethodError': <clinit>> (0x00000000ece52168) thrown at [C:\re\workspace\8-2-build-windows-amd64-cygwin\jdk8u74\6087\hotspot\src\share\vm\prims\jni.cpp, line 1591]
Event: 2138.669 Thread 0x000000001cded800 Exception <a 'java/lang/NoSuchMethodError': <clinit>> (0x00000000ece54ed8) thrown at [C:\re\workspace\8-2-build-windows-amd64-cygwin\jdk8u74\6087\hotspot\src\share\vm\prims\jni.cpp, line 1591]
Event: 2138.669 Thread 0x000000001cded800 Exception <a 'java/lang/NoSuchMethodError': <clinit>> (0x00000000ece591a0) thrown at [C:\re\workspace\8-2-build-windows-amd64-cygwin\jdk8u74\6087\hotspot\src\share\vm\prims\jni.cpp, line 1591]
Event: 2138.671 Thread 0x000000001cded800 Exception <a 'java/lang/NoSuchMethodError': <clinit>> (0x00000000ece75800) thrown at [C:\re\workspace\8-2-build-windows-amd64-cygwin\jdk8u74\6087\hotspot\src\share\vm\prims\jni.cpp, line 1591]
Event: 2138.699 Thread 0x000000001c2ca000 Exception <a 'java/lang/InterruptedException': sleep interrupted> (0x00000000ecf08080) thrown at [C:\re\workspace\8-2-build-windows-amd64-cygwin\jdk8u74\6087\hotspot\src\share\vm\prims\jvm.cpp, line 3215]
Event: 2139.284 Thread 0x000000001cded800 Exception <a 'java/io/FileNotFoundException'> (0x00000000d610c268) thrown at [C:\re\workspace\8-2-build-windows-amd64-cygwin\jdk8u74\6087\hotspot\src\share\vm\prims\jni.cpp, line 709]
Event: 2142.361 Thread 0x000000001cded800 Exception <a 'java/lang/reflect/InvocationTargetException'> (0x00000000df2655d8) thrown at [C:\re\workspace\8-2-build-windows-amd64-cygwin\jdk8u74\6087\hotspot\src\share\vm\runtime\reflection.cpp, line 1092]
Event: 2199.427 Thread 0x000000001cdec000 Exception <a 'java/io/FileNotFoundException'> (0x00000000ec535910) thrown at [C:\re\workspace\8-2-build-windows-amd64-cygwin\jdk8u74\6087\hotspot\src\share\vm\prims\jni.cpp, line 709]

Events (10 events):
Event: 2205.674 Thread 0x000000001cdec000 DEOPT PACKING pc=0x00000000043e3308 sp=0x0000000042b4d9f0
Event: 2205.674 Thread 0x000000001cdec000 DEOPT UNPACKING pc=0x00000000033d787f sp=0x0000000042b4d758 mode 1
Event: 2205.674 Thread 0x000000001cdec000 DEOPT PACKING pc=0x00000000043e3308 sp=0x0000000042b4d9f0
Event: 2205.674 Thread 0x000000001cdec000 DEOPT UNPACKING pc=0x00000000033d787f sp=0x0000000042b4d758 mode 1
Event: 2205.674 Thread 0x000000001cdec000 DEOPT PACKING pc=0x00000000043e3308 sp=0x0000000042b4d870
Event: 2205.674 Thread 0x000000001cdec000 DEOPT UNPACKING pc=0x00000000033d787f sp=0x0000000042b4d5d8 mode 1
Event: 2205.675 Thread 0x000000001cdec000 DEOPT PACKING pc=0x00000000043e3308 sp=0x0000000042b4d9f0
Event: 2205.675 Thread 0x000000001cdec000 DEOPT UNPACKING pc=0x00000000033d787f sp=0x0000000042b4d758 mode 1
Event: 2205.675 Thread 0x000000001cdec000 DEOPT PACKING pc=0x00000000043e3308 sp=0x0000000042b4d900
Event: 2205.675 Thread 0x000000001cdec000 DEOPT UNPACKING pc=0x00000000033d787f sp=0x0000000042b4d668 mode 1


Dynamic libraries:
0x00007ff65f150000 - 0x00007ff65f187000 	C:\Program Files\Java\jdk1.8.0_74\bin\java.exe
0x00007ffe54930000 - 0x00007ffe54b01000 	C:\WINDOWS\SYSTEM32\ntdll.dll
0x00007ffe527d0000 - 0x00007ffe5287b000 	C:\WINDOWS\System32\KERNEL32.DLL
0x00007ffe50f50000 - 0x00007ffe5116d000 	C:\WINDOWS\System32\KERNELBASE.dll
0x00007ffe53e50000 - 0x00007ffe53ef2000 	C:\WINDOWS\System32\ADVAPI32.dll
0x00007ffe53f60000 - 0x00007ffe53ffe000 	C:\WINDOWS\System32\msvcrt.dll
0x00007ffe53f00000 - 0x00007ffe53f59000 	C:\WINDOWS\System32\sechost.dll
0x00007ffe52060000 - 0x00007ffe52181000 	C:\WINDOWS\System32\RPCRT4.dll
0x00007ffe547a0000 - 0x00007ffe54905000 	C:\WINDOWS\System32\USER32.dll
0x00007ffe50e80000 - 0x00007ffe50e9e000 	C:\WINDOWS\System32\win32u.dll
0x00007ffe522f0000 - 0x00007ffe52324000 	C:\WINDOWS\System32\GDI32.dll
0x00007ffe51a00000 - 0x00007ffe51b82000 	C:\WINDOWS\System32\gdi32full.dll
0x00007ffe435f0000 - 0x00007ffe4386a000 	C:\WINDOWS\WinSxS\amd64_microsoft.windows.common-controls_6595b64144ccf1df_6.0.14393.953_none_42151e83c686086b\COMCTL32.dll
0x00007ffe524a0000 - 0x00007ffe52768000 	C:\WINDOWS\System32\combase.dll
0x00007ffe51170000 - 0x00007ffe51265000 	C:\WINDOWS\System32\ucrtbase.dll
0x00007ffe51b90000 - 0x00007ffe51bfa000 	C:\WINDOWS\System32\bcryptPrimitives.dll
0x00007ffe52330000 - 0x00007ffe5235e000 	C:\WINDOWS\System32\IMM32.DLL
0x000000005c860000 - 0x000000005c932000 	C:\Program Files\Java\jdk1.8.0_74\jre\bin\msvcr100.dll
0x000000005bfd0000 - 0x000000005c860000 	C:\Program Files\Java\jdk1.8.0_74\jre\bin\server\jvm.dll
0x00007ffe541f0000 - 0x00007ffe541f8000 	C:\WINDOWS\System32\PSAPI.DLL
0x00007ffe448a0000 - 0x00007ffe448aa000 	C:\WINDOWS\SYSTEM32\VERSION.dll
0x00007ffe4f000000 - 0x00007ffe4f023000 	C:\WINDOWS\SYSTEM32\WINMM.dll
0x00007ffe43c20000 - 0x00007ffe43c29000 	C:\WINDOWS\SYSTEM32\WSOCK32.dll
0x00007ffe54180000 - 0x00007ffe541ea000 	C:\WINDOWS\System32\WS2_32.dll
0x00007ffe4ef60000 - 0x00007ffe4ef8b000 	C:\WINDOWS\SYSTEM32\WINMMBASE.dll
0x00007ffe51c00000 - 0x00007ffe51c42000 	C:\WINDOWS\System32\cfgmgr32.dll
0x000000005bfc0000 - 0x000000005bfcf000 	C:\Program Files\Java\jdk1.8.0_74\jre\bin\verify.dll
0x000000005bf90000 - 0x000000005bfb9000 	C:\Program Files\Java\jdk1.8.0_74\jre\bin\java.dll
0x000000005bf30000 - 0x000000005bf65000 	C:\Program Files\Java\jdk1.8.0_74\jre\bin\jdwp.dll
0x000000005bf20000 - 0x000000005bf28000 	C:\Program Files\Java\jdk1.8.0_74\jre\bin\npt.dll
0x000000005bf70000 - 0x000000005bf86000 	C:\Program Files\Java\jdk1.8.0_74\jre\bin\zip.dll
0x00007ffe52940000 - 0x00007ffe53e48000 	C:\WINDOWS\System32\SHELL32.dll
0x00007ffe51270000 - 0x00007ffe5194a000 	C:\WINDOWS\System32\windows.storage.dll
0x00007ffe50da0000 - 0x00007ffe50dec000 	C:\WINDOWS\System32\powrprof.dll
0x00007ffe54120000 - 0x00007ffe54172000 	C:\WINDOWS\System32\shlwapi.dll
0x00007ffe50d90000 - 0x00007ffe50d9f000 	C:\WINDOWS\System32\kernel.appcore.dll
0x00007ffe51950000 - 0x00007ffe519f9000 	C:\WINDOWS\System32\shcore.dll
0x00007ffe50e00000 - 0x00007ffe50e14000 	C:\WINDOWS\System32\profapi.dll
0x000000005bf10000 - 0x000000005bf19000 	C:\Program Files\Java\jdk1.8.0_74\jre\bin\dt_socket.dll
0x00007ffe50660000 - 0x00007ffe506bc000 	C:\WINDOWS\system32\mswsock.dll
0x000000005bec0000 - 0x000000005becd000 	C:\Program Files\Java\jdk1.8.0_74\jre\bin\management.dll
0x000000005bef0000 - 0x000000005bf0a000 	C:\Program Files\Java\jdk1.8.0_74\jre\bin\net.dll
0x00007ffe42c80000 - 0x00007ffe42c96000 	C:\WINDOWS\system32\napinsp.dll
0x00007ffe42c50000 - 0x00007ffe42c6a000 	C:\WINDOWS\system32\pnrpnsp.dll
0x00007ffe4dbd0000 - 0x00007ffe4dbe8000 	C:\WINDOWS\system32\NLAapi.dll
0x00007ffe50420000 - 0x00007ffe504c1000 	C:\WINDOWS\SYSTEM32\DNSAPI.dll
0x00007ffe54000000 - 0x00007ffe54008000 	C:\WINDOWS\System32\NSI.dll
0x00007ffe503e0000 - 0x00007ffe50418000 	C:\WINDOWS\SYSTEM32\IPHLPAPI.DLL
0x00007ffe429b0000 - 0x00007ffe429be000 	C:\WINDOWS\System32\winrnr.dll
0x00007ffe41fc0000 - 0x00007ffe41fd5000 	C:\WINDOWS\System32\wshbth.dll
0x000000005e590000 - 0x000000005e5b6000 	C:\Program Files\Bonjour\mdnsNSP.dll
0x00007ffe45d90000 - 0x00007ffe45d9a000 	C:\Windows\System32\rasadhlp.dll
0x00007ffe4b720000 - 0x00007ffe4b78a000 	C:\WINDOWS\System32\fwpuclnt.dll
0x00007ffe50cd0000 - 0x00007ffe50cfb000 	C:\WINDOWS\SYSTEM32\bcrypt.dll
0x000000005bed0000 - 0x000000005bee1000 	C:\Program Files\Java\jdk1.8.0_74\jre\bin\nio.dll
0x00007ffe50860000 - 0x00007ffe50877000 	C:\WINDOWS\SYSTEM32\CRYPTSP.dll
0x00007ffe50260000 - 0x00007ffe50293000 	C:\WINDOWS\system32\rsaenh.dll
0x00007ffe504f0000 - 0x00007ffe5050f000 	C:\WINDOWS\SYSTEM32\USERENV.dll
0x00007ffe50880000 - 0x00007ffe5088b000 	C:\WINDOWS\SYSTEM32\CRYPTBASE.dll
0x00007ffe4d080000 - 0x00007ffe4d096000 	C:\WINDOWS\SYSTEM32\dhcpcsvc6.DLL
0x00007ffe4d4b0000 - 0x00007ffe4d4ca000 	C:\WINDOWS\SYSTEM32\dhcpcsvc.DLL
0x000000005bdb0000 - 0x000000005bdd4000 	C:\Program Files\Java\jdk1.8.0_74\jre\bin\sunec.dll
0x00007ffe4d5b0000 - 0x00007ffe4d742000 	C:\WINDOWS\SYSTEM32\dbghelp.dll

VM Arguments:
jvm_args: -agentlib:jdwp=transport=dt_socket,address=127.0.0.1:1087,suspend=y,server=n -Dspring.output.ansi.enabled=always -Dfile.encoding=UTF-8 
java_command: com.volunteers.VolunteerApplication
java_class_path (initial): C:\Program Files\Java\jdk1.8.0_74\jre\lib\charsets.jar;C:\Program Files\Java\jdk1.8.0_74\jre\lib\deploy.jar;C:\Program Files\Java\jdk1.8.0_74\jre\lib\ext\access-bridge-64.jar;C:\Program Files\Java\jdk1.8.0_74\jre\lib\ext\cldrdata.jar;C:\Program Files\Java\jdk1.8.0_74\jre\lib\ext\dnsns.jar;C:\Program Files\Java\jdk1.8.0_74\jre\lib\ext\jaccess.jar;C:\Program Files\Java\jdk1.8.0_74\jre\lib\ext\jfxrt.jar;C:\Program Files\Java\jdk1.8.0_74\jre\lib\ext\localedata.jar;C:\Program Files\Java\jdk1.8.0_74\jre\lib\ext\nashorn.jar;C:\Program Files\Java\jdk1.8.0_74\jre\lib\ext\sunec.jar;C:\Program Files\Java\jdk1.8.0_74\jre\lib\ext\sunjce_provider.jar;C:\Program Files\Java\jdk1.8.0_74\jre\lib\ext\sunmscapi.jar;C:\Program Files\Java\jdk1.8.0_74\jre\lib\ext\sunpkcs11.jar;C:\Program Files\Java\jdk1.8.0_74\jre\lib\ext\zipfs.jar;C:\Program Files\Java\jdk1.8.0_74\jre\lib\javaws.jar;C:\Program Files\Java\jdk1.8.0_74\jre\lib\jce.jar;C:\Program Files\Java\jdk1.8.0_74\jre\lib\jfr.jar;C:\Program Files\Java\jdk1.8.0_74\jre\lib\jfxswt.jar;C:\Program Files\Java\jdk1.8.0_74\jre\lib\jsse.jar;C:\Program Files\Java\jdk1.8.0_74\jre\lib\management-agent.jar;C:\Program Files\Java\jdk1.8.0_74\jre\lib\plugin.jar;C:\Program Files\Java\jdk1.8.0_74\jre\lib\resources.jar;C:\Program Files\Java\jdk1.8.0_74\jre\lib\rt.jar;C:\Users\Anton\IdeaProjects\volunteerDatabase\target\classes;C:\Users\Anton\.m2\repository\net\iharder\base64\2.3.9\base64-2.3.9.jar;C:\Users\Anton\.m2\repository\org\springframework\boot\spring-boot-starter-security\1.5.2.RELEASE\spring-boot-starter-security-1.5.2.RELEASE.jar;C:\Users\Anton\.m2\repository\org\springframework\boot\spring-boot-starter\1.5.2.RELEASE\spring-boot-starter-1.5.2.RELEASE.jar;C:\Users\Anton\.m2\repository\org\springframework\boot\spring-boot-starter-logging\1.5.2.RELEASE\spring-boot-starter-logging-1.5.2.RELEASE.jar;C:\Users\Anton\.m2\repository\ch\qos\logback\logback-classic\1.1.11\logback-classic-1.1.11.jar;C:\Users\Anton\.m2\repository
Launcher Type: SUN_STANDARD

Environment Variables:
JAVA_HOME=C:\Program Files\Java\jdk1.8.0_74
PATH=C:\ProgramData\Oracle\Java\javapath;C:\ProgramData\Oracle\Java\classpath;C:\WINDOWS;C:\WINDOWS\System32\Wbem;C:\WINDOWS\System32\WindowsPowerShell\v1.0\;C:\Program Files (x86)\Skype\Phone\;C:\Program Files\Java\jdk1.8.0_74\bin
USERNAME=Anton
OS=Windows_NT
PROCESSOR_IDENTIFIER=Intel64 Family 6 Model 60 Stepping 3, GenuineIntel



---------------  S Y S T E M  ---------------

OS: Windows 10.0 , 64 bit Build 14393 (10.0.14393.0)

CPU:total 8 (4 cores per cpu, 2 threads per core) family 6 model 60 stepping 3, cmov, cx8, fxsr, mmx, sse, sse2, sse3, ssse3, sse4.1, sse4.2, popcnt, avx, avx2, aes, clmul, erms, lzcnt, ht, tsc, tscinvbit, bmi1, bmi2

Memory: 4k page, physical 8302956k(2350736k free), swap 10008016k(1726608k free)

vm_info: Java HotSpot(TM) 64-Bit Server VM (25.74-b02) for windows-amd64 JRE (1.8.0_74-b02), built on Jan 29 2016 17:42:36 by "java_re" with MS VC++ 10.0 (VS2010)

time: Tue Apr 18 10:44:35 2017
elapsed time: 2205 seconds (0d 0h 36m 45s)

